2014/03/21 20:11:59 new start
2014/03/21 20:11:59 UEtype=HE5776
2014/03/21 20:11:59 serverip=172.31.252.11,,,
2014/03/21 20:11:59 serial port=com12
2014/03/21 20:11:59 netcard device name :HUAWEI Mobile Connect - Network Card
2014/03/21 20:11:59 traffic type=ftpdl
2014/03/21 20:13:39 new start
2014/03/21 20:13:39 UEtype=HE5776
2014/03/21 20:13:39 serverip=172.31.252.11,,,
2014/03/21 20:13:39 serial port=com12
2014/03/21 20:13:39 netcard device name :HUAWEI Mobile Connect - Network Card
2014/03/21 20:13:39 traffic type=ftpdl
2014/03/21 20:16:23 new start
2014/03/21 20:16:23 UEtype=HE5776
2014/03/21 20:16:23 serverip=172.31.252.11,,,
2014/03/21 20:16:23 serial port=com12
2014/03/21 20:16:23 netcard device name :HUAWEI Mobile Connect - Network Card
2014/03/21 20:16:23 traffic type=ftpdl
2014/03/21 20:18:26 new start
2014/03/21 20:18:26 UEtype=HE5776
2014/03/21 20:18:26 serverip=172.31.252.11,,,
2014/03/21 20:18:26 serial port=com12
2014/03/21 20:18:26 netcard device name :HUAWEI Mobile Connect - Network Card
2014/03/21 20:18:26 traffic type=ftpdl
2014/03/21 20:24:39 new start
2014/03/21 20:24:39 UEtype=HE5776
2014/03/21 20:24:39 serverip=172.31.252.11,,,
2014/03/21 20:24:39 serial port=com12
2014/03/21 20:24:39 netcard device name :HUAWEI Mobile Connect - Network Card
2014/03/21 20:24:39 traffic type=ftpdl
2014/03/21 20:26:51 new start
2014/03/21 20:26:51 UEtype=HE5776
2014/03/21 20:26:51 serverip=172.31.252.11,,,
2014/03/21 20:26:51 serial port=com12
2014/03/21 20:26:51 netcard device name :HUAWEI Mobile Connect - Network Card
2014/03/21 20:26:51 traffic type=ftpdl
2014/03/21 20:29:08 new start
2014/03/21 20:29:08 UEtype=HE5776
2014/03/21 20:29:08 serverip=172.31.252.11,,,
2014/03/21 20:29:08 serial port=com12
2014/03/21 20:29:09 netcard device name :HUAWEI Mobile Connect - Network Card
2014/03/21 20:29:09 traffic type=ftpdl
2014/03/21 20:31:05 new start
2014/03/21 20:31:05 UEtype=HE5776
2014/03/21 20:31:05 serverip=172.31.252.11,,,
2014/03/21 20:31:05 serial port=com12
2014/03/21 20:31:05 netcard device name :HUAWEI Mobile Connect - Network Card
2014/03/21 20:31:05 traffic type=ftpdl
2014/03/21 20:32:51 new start
2014/03/21 20:32:51 UEtype=HE5776
2014/03/21 20:32:51 serverip=172.31.252.11,,,
2014/03/21 20:32:51 serial port=com12
2014/03/21 20:32:51 netcard device name :HUAWEI Mobile Connect - Network Card
2014/03/21 20:32:51 traffic type=ftpdl
2014/04/16 09:11:09 new start
2014/04/16 09:11:09 UEtype=HE5776
2014/04/16 09:11:09 serverip=172.31.252.11,,,
2014/04/16 09:11:09 serial port=com12
2014/04/16 09:11:10 can not find netcard or dial up modem port name is com12
