2014/03/07 20:16:41 new start
2014/03/07 20:16:41 UEtype=Qualcomm9600
2014/03/07 20:16:41 serverip=172.31.9.2,,,
2014/03/07 20:16:41 serial port=com12
2014/03/07 20:16:41 can not find netcard or dial up modem port name is com12
2014/03/07 20:18:39 new start
2014/03/07 20:18:39 UEtype=Qualcomm9600
2014/03/07 20:18:39 serverip=172.31.9.2,,,
2014/03/07 20:18:39 serial port=com5
2014/03/07 20:18:39 netcard device name :Qualcomm Wireless HS-USB Ethernet Adapter 9055-3(NET1)
2014/03/07 20:18:39 traffic type=ftpdl
2014/03/07 20:20:11 new start
2014/03/07 20:20:11 UEtype=Qualcomm9600
2014/03/07 20:20:11 serverip=172.31.9.2,,,
2014/03/07 20:20:11 serial port=com5
2014/03/07 20:20:12 netcard device name :Qualcomm Wireless HS-USB Ethernet Adapter 9055-3(NET1)
2014/03/07 20:20:12 traffic type=ftpdl
2014-03-08 15:12:42 new start
2014-03-08 15:12:42 UEtype=Qualcomm9600
2014-03-08 15:12:42 serverip=172.31.9.2,,,
2014-03-08 15:12:42 serial port=com5
2014-03-08 15:12:42 can not find netcard or dial up modem port name is com5
2014/03/09 13:26:39 new start
2014/03/09 13:26:39 UEtype=Qualcomm9600
2014/03/09 13:26:39 serverip=172.31.9.2,,,
2014/03/09 13:26:39 serial port=com5
2014/03/09 13:26:39 can not find netcard or dial up modem port name is com5
2014/03/09 13:27:10 new start
2014/03/09 13:27:10 UEtype=Qualcomm9600
2014/03/09 13:27:10 serverip=172.31.9.2,,,
2014/03/09 13:27:10 serial port=com5
2014/03/09 13:27:11 can not find netcard or dial up modem port name is com5
2014/03/09 13:28:18 new start
2014/03/09 13:28:18 UEtype=Qualcomm9600
2014/03/09 13:28:18 serverip=172.31.9.2,,,
2014/03/09 13:28:18 serial port=com5
2014/03/09 13:28:18 can not find netcard or dial up modem port name is com5
2014/03/09 13:32:43 new start
2014/03/09 13:32:43 UEtype=Qualcomm9600
2014/03/09 13:32:43 serverip=172.31.9.2,,,
2014/03/09 13:32:43 serial port=com5
2014/03/09 13:32:43 can not find netcard or dial up modem port name is com5
2014/03/09 13:35:28 new start
2014/03/09 13:35:28 UEtype=Qualcomm9600
2014/03/09 13:35:28 serverip=172.31.9.2,,,
2014/03/09 13:35:28 serial port=com5
2014/03/09 13:35:29 can not find netcard or dial up modem port name is com5
2014/03/09 13:41:40 new start
2014/03/09 13:41:40 UEtype=Qualcomm9600
2014/03/09 13:41:40 serverip=172.31.9.2,,,
2014/03/09 13:41:40 serial port=com5
2014/03/09 13:41:40 can not find netcard or dial up modem port name is com5
2014/03/09 13:44:08 new start
2014/03/09 13:44:08 UEtype=Qualcomm9600
2014/03/09 13:44:08 serverip=172.31.9.2,,,
2014/03/09 13:44:08 serial port=com5
2014/03/09 13:44:08 can not find netcard or dial up modem port name is com5
2014/03/09 13:45:18 new start
2014/03/09 13:45:18 UEtype=Qualcomm9600
2014/03/09 13:45:18 serverip=172.31.9.2,,,
2014/03/09 13:45:18 serial port=com5
2014/03/09 13:45:18 can not find netcard or dial up modem port name is com5
2014/03/09 13:45:46 new start
2014/03/09 13:45:46 UEtype=Qualcomm9600
2014/03/09 13:45:46 serverip=172.31.9.2,,,
2014/03/09 13:45:46 serial port=com5
2014/03/09 13:45:46 can not find netcard or dial up modem port name is com5
2014/03/09 13:46:37 new start
2014/03/09 13:46:37 UEtype=Qualcomm9600
2014/03/09 13:46:37 serverip=172.31.9.2,,,
2014/03/09 13:46:37 serial port=com5
2014/03/09 13:46:37 can not find netcard or dial up modem port name is com5
2014/03/09 13:48:11 new start
2014/03/09 13:48:11 UEtype=Qualcomm9600
2014/03/09 13:48:11 serverip=172.31.9.2,,,
2014/03/09 13:48:11 serial port=com5
2014/03/09 13:48:11 can not find netcard or dial up modem port name is com5
2014/03/09 13:48:37 new start
2014/03/09 13:48:37 UEtype=Qualcomm9600
2014/03/09 13:48:37 serverip=172.31.9.2,,,
2014/03/09 13:48:37 serial port=com5
2014/03/09 13:48:37 can not find netcard or dial up modem port name is com5
2014/03/09 13:49:13 new start
2014/03/09 13:49:13 UEtype=Qualcomm9600
2014/03/09 13:49:13 serverip=172.31.9.2,,,
2014/03/09 13:49:13 serial port=com5
2014/03/09 13:49:14 can not find netcard or dial up modem port name is com5
2014/03/09 13:49:46 new start
2014/03/09 13:49:46 UEtype=Qualcomm9600
2014/03/09 13:49:46 serverip=172.31.9.2,,,
2014/03/09 13:49:46 serial port=com5
2014/03/09 13:49:47 can not find netcard or dial up modem port name is com5
2014/03/09 13:50:11 new start
2014/03/09 13:50:11 UEtype=Qualcomm9600
2014/03/09 13:50:11 serverip=172.31.9.2,,,
2014/03/09 13:50:11 serial port=com5
2014/03/09 13:50:11 can not find netcard or dial up modem port name is com5
2014/03/09 13:50:54 new start
2014/03/09 13:50:54 UEtype=Qualcomm9600
2014/03/09 13:50:54 serverip=172.31.9.2,,,
2014/03/09 13:50:54 serial port=com5
2014/03/09 13:50:54 can not find netcard or dial up modem port name is com5
2014/03/09 13:51:18 new start
2014/03/09 13:51:18 UEtype=Qualcomm9600
2014/03/09 13:51:18 serverip=172.31.9.2,,,
2014/03/09 13:51:18 serial port=com5
2014/03/09 13:51:18 can not find netcard or dial up modem port name is com5
2014/03/09 13:52:06 new start
2014/03/09 13:52:06 UEtype=Qualcomm9600
2014/03/09 13:52:06 serverip=172.31.9.2,,,
2014/03/09 13:52:06 serial port=com5
2014/03/09 13:52:07 can not find netcard or dial up modem port name is com5
2014/03/09 13:52:37 new start
2014/03/09 13:52:37 UEtype=Qualcomm9600
2014/03/09 13:52:37 serverip=172.31.9.2,,,
2014/03/09 13:52:37 serial port=com5
2014/03/09 13:52:37 can not find netcard or dial up modem port name is com5
2014/03/09 13:53:02 new start
2014/03/09 13:53:02 UEtype=Qualcomm9600
2014/03/09 13:53:02 serverip=172.31.9.2,,,
2014/03/09 13:53:02 serial port=com5
2014/03/09 13:53:02 can not find netcard or dial up modem port name is com5
2014/03/09 14:02:31 new start
2014/03/09 14:02:31 UEtype=Qualcomm9600
2014/03/09 14:02:31 serverip=172.31.9.2,,,
2014/03/09 14:02:31 serial port=com5
2014/03/09 14:02:31 can not find netcard or dial up modem port name is com5
2014/03/09 14:03:04 new start
2014/03/09 14:03:04 UEtype=Qualcomm9600
2014/03/09 14:03:04 serverip=172.31.9.2,,,
2014/03/09 14:03:04 serial port=com5
2014/03/09 14:03:04 can not find netcard or dial up modem port name is com5
2014/03/09 14:03:51 new start
2014/03/09 14:03:51 UEtype=Qualcomm9600
2014/03/09 14:03:51 serverip=172.31.9.2,,,
2014/03/09 14:03:51 serial port=com5
2014/03/09 14:03:52 can not find netcard or dial up modem port name is com5
2014/03/09 14:04:20 new start
2014/03/09 14:04:20 UEtype=Qualcomm9600
2014/03/09 14:04:20 serverip=172.31.9.2,,,
2014/03/09 14:04:20 serial port=com5
2014/03/09 14:04:21 can not find netcard or dial up modem port name is com5
2014/03/09 14:05:22 new start
2014/03/09 14:05:22 UEtype=Qualcomm9600
2014/03/09 14:05:22 serverip=172.31.9.2,,,
2014/03/09 14:05:22 serial port=com5
2014/03/09 14:05:23 can not find netcard or dial up modem port name is com5
2014/03/09 14:06:37 new start
2014/03/09 14:06:37 UEtype=Qualcomm9600
2014/03/09 14:06:37 serverip=172.31.9.2,,,
2014/03/09 14:06:37 serial port=com5
2014/03/09 14:06:37 can not find netcard or dial up modem port name is com5
2014/03/09 14:08:05 new start
2014/03/09 14:08:05 UEtype=Qualcomm9600
2014/03/09 14:08:05 serverip=172.31.9.2,,,
2014/03/09 14:08:05 serial port=com5
2014/03/09 14:08:06 can not find netcard or dial up modem port name is com5
2014/03/09 14:12:24 new start
2014/03/09 14:12:24 UEtype=Qualcomm9600
2014/03/09 14:12:24 serverip=172.31.9.2,,,
2014/03/09 14:12:24 serial port=com5
2014/03/09 14:12:24 can not find netcard or dial up modem port name is com5
2014/03/09 14:14:21 new start
2014/03/09 14:14:21 UEtype=Qualcomm9600
2014/03/09 14:14:21 serverip=172.31.9.2,,,
2014/03/09 14:14:21 serial port=com5
2014/03/09 14:14:21 can not find netcard or dial up modem port name is com5
2014/03/09 14:14:47 new start
2014/03/09 14:14:47 UEtype=Qualcomm9600
2014/03/09 14:14:47 serverip=172.31.9.2,,,
2014/03/09 14:14:47 serial port=com5
2014/03/09 14:14:47 can not find netcard or dial up modem port name is com5
2014/03/09 14:19:11 new start
2014/03/09 14:19:11 UEtype=Qualcomm9600
2014/03/09 14:19:11 serverip=172.31.9.2,,,
2014/03/09 14:19:11 serial port=com5
2014/03/09 14:19:11 can not find netcard or dial up modem port name is com5
2014/03/09 14:19:38 new start
2014/03/09 14:19:38 UEtype=Qualcomm9600
2014/03/09 14:19:38 serverip=172.31.9.2,,,
2014/03/09 14:19:38 serial port=com5
2014/03/09 14:19:39 can not find netcard or dial up modem port name is com5
2014/03/09 14:20:18 new start
2014/03/09 14:20:18 UEtype=Qualcomm9600
2014/03/09 14:20:18 serverip=172.31.9.2,,,
2014/03/09 14:20:18 serial port=com5
2014/03/09 14:20:19 can not find netcard or dial up modem port name is com5
2014/03/09 14:20:48 new start
2014/03/09 14:20:48 UEtype=Qualcomm9600
2014/03/09 14:20:48 serverip=172.31.9.2,,,
2014/03/09 14:20:48 serial port=com5
2014/03/09 14:20:49 can not find netcard or dial up modem port name is com5
2014/03/09 14:21:15 new start
2014/03/09 14:21:15 UEtype=Qualcomm9600
2014/03/09 14:21:15 serverip=172.31.9.2,,,
2014/03/09 14:21:15 serial port=com5
2014/03/09 14:21:15 can not find netcard or dial up modem port name is com5
2014/03/09 14:21:43 new start
2014/03/09 14:21:43 UEtype=Qualcomm9600
2014/03/09 14:21:43 serverip=172.31.9.2,,,
2014/03/09 14:21:43 serial port=com5
2014/03/09 14:21:43 can not find netcard or dial up modem port name is com5
2014/03/09 14:22:32 new start
2014/03/09 14:22:32 UEtype=Qualcomm9600
2014/03/09 14:22:32 serverip=172.31.9.2,,,
2014/03/09 14:22:32 serial port=com5
2014/03/09 14:22:33 can not find netcard or dial up modem port name is com5
2014/03/09 14:23:08 new start
2014/03/09 14:23:08 UEtype=Qualcomm9600
2014/03/09 14:23:08 serverip=172.31.9.2,,,
2014/03/09 14:23:08 serial port=com5
2014/03/09 14:23:09 can not find netcard or dial up modem port name is com5
2014/03/09 14:23:43 new start
2014/03/09 14:23:43 UEtype=Qualcomm9600
2014/03/09 14:23:43 serverip=172.31.9.2,,,
2014/03/09 14:23:43 serial port=com5
2014/03/09 14:23:43 can not find netcard or dial up modem port name is com5
2014/03/09 14:24:06 new start
2014/03/09 14:24:06 UEtype=Qualcomm9600
2014/03/09 14:24:06 serverip=172.31.9.2,,,
2014/03/09 14:24:06 serial port=com5
2014/03/09 14:24:07 can not find netcard or dial up modem port name is com5
2014/03/09 14:24:25 new start
2014/03/09 14:24:25 UEtype=Qualcomm9600
2014/03/09 14:24:25 serverip=172.31.9.2,,,
2014/03/09 14:24:25 serial port=com5
2014/03/09 14:24:25 can not find netcard or dial up modem port name is com5
2014/03/09 14:24:52 new start
2014/03/09 14:24:52 UEtype=Qualcomm9600
2014/03/09 14:24:52 serverip=172.31.9.2,,,
2014/03/09 14:24:52 serial port=com5
2014/03/09 14:24:52 can not find netcard or dial up modem port name is com5
2014/03/09 14:25:21 new start
2014/03/09 14:25:21 UEtype=Qualcomm9600
2014/03/09 14:25:21 serverip=172.31.9.2,,,
2014/03/09 14:25:21 serial port=com5
2014/03/09 14:25:21 can not find netcard or dial up modem port name is com5
2014/03/09 14:25:51 new start
2014/03/09 14:25:51 UEtype=Qualcomm9600
2014/03/09 14:25:51 serverip=172.31.9.2,,,
2014/03/09 14:25:51 serial port=com5
2014/03/09 14:25:51 can not find netcard or dial up modem port name is com5
2014/03/09 14:26:14 new start
2014/03/09 14:26:14 UEtype=Qualcomm9600
2014/03/09 14:26:14 serverip=172.31.9.2,,,
2014/03/09 14:26:14 serial port=com5
2014/03/09 14:26:14 can not find netcard or dial up modem port name is com5
2014/03/09 14:26:33 new start
2014/03/09 14:26:33 UEtype=Qualcomm9600
2014/03/09 14:26:33 serverip=172.31.9.2,,,
2014/03/09 14:26:33 serial port=com5
2014/03/09 14:26:34 can not find netcard or dial up modem port name is com5
2014/03/09 14:26:57 new start
2014/03/09 14:26:57 UEtype=Qualcomm9600
2014/03/09 14:26:57 serverip=172.31.9.2,,,
2014/03/09 14:26:57 serial port=com5
2014/03/09 14:26:57 can not find netcard or dial up modem port name is com5
2014/03/09 14:27:16 new start
2014/03/09 14:27:16 UEtype=Qualcomm9600
2014/03/09 14:27:16 serverip=172.31.9.2,,,
2014/03/09 14:27:16 serial port=com5
2014/03/09 14:27:17 can not find netcard or dial up modem port name is com5
2014/03/09 14:27:40 new start
2014/03/09 14:27:40 UEtype=Qualcomm9600
2014/03/09 14:27:40 serverip=172.31.9.2,,,
2014/03/09 14:27:40 serial port=com5
2014/03/09 14:27:40 can not find netcard or dial up modem port name is com5
2014-03-09 15:10:08 new start
2014-03-09 15:10:08 UEtype=Qualcomm9600
2014-03-09 15:10:08 serverip=172.31.9.2,,,
2014-03-09 15:10:08 serial port=com5
2014-03-09 15:10:08 can not find netcard or dial up modem port name is com5
2014-03-09 15:10:45 new start
2014-03-09 15:10:45 UEtype=Qualcomm9600
2014-03-09 15:10:45 serverip=172.31.9.2,,,
2014-03-09 15:10:45 serial port=com5
2014-03-09 15:10:45 can not find netcard or dial up modem port name is com5
2014-03-09 15:12:25 new start
2014-03-09 15:12:25 UEtype=Qualcomm9600
2014-03-09 15:12:25 serverip=172.31.9.2,,,
2014-03-09 15:12:25 serial port=com5
2014-03-09 15:12:26 can not find netcard or dial up modem port name is com5
2014-03-09 15:13:33 new start
2014-03-09 15:13:33 UEtype=Qualcomm9600
2014-03-09 15:13:33 serverip=172.31.9.2,,,
2014-03-09 15:13:33 serial port=com5
2014-03-09 15:13:33 can not find netcard or dial up modem port name is com5
2014-03-09 15:14:18 new start
2014-03-09 15:14:18 UEtype=Qualcomm9600
2014-03-09 15:14:18 serverip=172.31.9.2,,,
2014-03-09 15:14:18 serial port=com5
2014-03-09 15:14:18 can not find netcard or dial up modem port name is com5
2014-03-09 15:15:54 new start
2014-03-09 15:15:54 UEtype=Qualcomm9600
2014-03-09 15:15:54 serverip=172.31.9.2,,,
2014-03-09 15:15:54 serial port=com5
2014-03-09 15:15:54 can not find netcard or dial up modem port name is com5
2014-03-09 15:16:26 new start
2014-03-09 15:16:26 UEtype=Qualcomm9600
2014-03-09 15:16:26 serverip=172.31.9.2,,,
2014-03-09 15:16:26 serial port=com5
2014-03-09 15:16:27 can not find netcard or dial up modem port name is com5
2014-03-09 15:18:43 new start
2014-03-09 15:18:43 UEtype=Qualcomm9600
2014-03-09 15:18:43 serverip=172.31.9.2,,,
2014-03-09 15:18:43 serial port=com5
2014-03-09 15:18:43 can not find netcard or dial up modem port name is com5
2014-03-09 15:20:58 new start
2014-03-09 15:20:58 UEtype=Qualcomm9600
2014-03-09 15:20:58 serverip=172.31.9.2,,,
2014-03-09 15:20:58 serial port=com5
2014-03-09 15:20:58 can not find netcard or dial up modem port name is com5
2014-03-09 15:21:31 new start
2014-03-09 15:21:31 UEtype=Qualcomm9600
2014-03-09 15:21:31 serverip=172.31.9.2,,,
2014-03-09 15:21:31 serial port=com5
2014-03-09 15:21:32 can not find netcard or dial up modem port name is com5
2014-03-09 15:22:12 new start
2014-03-09 15:22:12 UEtype=Qualcomm9600
2014-03-09 15:22:12 serverip=172.31.9.2,,,
2014-03-09 15:22:12 serial port=com5
2014-03-09 15:22:13 can not find netcard or dial up modem port name is com5
2014-03-09 15:22:55 new start
2014-03-09 15:22:55 UEtype=Qualcomm9600
2014-03-09 15:22:55 serverip=172.31.9.2,,,
2014-03-09 15:22:55 serial port=com5
2014-03-09 15:22:56 can not find netcard or dial up modem port name is com5
2014-03-09 15:23:46 new start
2014-03-09 15:23:46 UEtype=Qualcomm9600
2014-03-09 15:23:46 serverip=172.31.9.2,,,
2014-03-09 15:23:46 serial port=com5
2014-03-09 15:23:47 can not find netcard or dial up modem port name is com5
2014-03-09 15:24:19 new start
2014-03-09 15:24:19 UEtype=Qualcomm9600
2014-03-09 15:24:19 serverip=172.31.9.2,,,
2014-03-09 15:24:19 serial port=com5
2014-03-09 15:24:19 can not find netcard or dial up modem port name is com5
2014-03-09 15:29:54 new start
2014-03-09 15:29:54 UEtype=Qualcomm9600
2014-03-09 15:29:54 serverip=172.31.9.2,,,
2014-03-09 15:29:54 serial port=com5
2014-03-09 15:29:54 can not find netcard or dial up modem port name is com5
2014-03-09 15:31:39 new start
2014-03-09 15:31:39 UEtype=Qualcomm9600
2014-03-09 15:31:39 serverip=172.31.9.2,,,
2014-03-09 15:31:39 serial port=com5
2014-03-09 15:31:39 can not find netcard or dial up modem port name is com5
2014-03-09 15:32:36 new start
2014-03-09 15:32:36 UEtype=Qualcomm9600
2014-03-09 15:32:36 serverip=172.31.9.2,,,
2014-03-09 15:32:36 serial port=com5
2014-03-09 15:32:36 can not find netcard or dial up modem port name is com5
2014-03-11 18:26:55 new start
2014-03-11 18:26:55 UEtype=Qualcomm9600
2014-03-11 18:26:55 serverip=172.31.9.2,,,
2014-03-11 18:26:55 serial port=com3
2014-03-11 18:26:55 netcard device name :Qualcomm Wireless HS-USB Ethernet Adapter 9055-3(NET1) - 数据包计划程序微型端口
2014-03-11 18:26:55 traffic type=ftpdl
